Determining if the pthread_create exist failed with the following output:
Change Dir: /home/fazildgr8/catkin_ws/build/CMakeFiles/CMakeTmp

Run Build Command:"/usr/bin/make" "cmTC_284ca/fast"
/usr/bin/make -f CMakeFiles/cmTC_284ca.dir/build.make CMakeFiles/cmTC_284ca.dir/build
make[1]: Entering directory '/home/fazildgr8/catkin_ws/build/CMakeFiles/CMakeTmp'
Building C object CMakeFiles/cmTC_284ca.dir/CheckSymbolExists.c.o
/usr/bin/cc    -o CMakeFiles/cmTC_284ca.dir/CheckSymbolExists.c.o   -c /home/fazildgr8/catkin_ws/build/CMakeFiles/CMakeTmp/CheckSymbolExists.c
Linking C executable cmTC_284ca
/usr/bin/cmake -E cmake_link_script CMakeFiles/cmTC_284ca.dir/link.txt --verbose=1
/usr/bin/cc      -rdynamic CMakeFiles/cmTC_284ca.dir/CheckSymbolExists.c.o  -o cmTC_284ca 
CMakeFiles/cmTC_284ca.dir/CheckSymbolExists.c.o: In function `main':
CheckSymbolExists.c:(.text+0x1b): undefined reference to `pthread_create'
collect2: error: ld returned 1 exit status
CMakeFiles/cmTC_284ca.dir/build.make:97: recipe for target 'cmTC_284ca' failed
make[1]: *** [cmTC_284ca] Error 1
make[1]: Leaving directory '/home/fazildgr8/catkin_ws/build/CMakeFiles/CMakeTmp'
Makefile:126: recipe for target 'cmTC_284ca/fast' failed
make: *** [cmTC_284ca/fast] Error 2

File /home/fazildgr8/catkin_ws/build/CMakeFiles/CMakeTmp/CheckSymbolExists.c:
/* */
#include <pthread.h>

int main(int argc, char** argv)
{
  (void)argv;
#ifndef pthread_create
  return ((int*)(&pthread_create))[argc];
#else
  (void)argc;
  return 0;
#endif
}

Determining if the function pthread_create exists in the pthreads failed with the following output:
Change Dir: /home/fazildgr8/catkin_ws/build/CMakeFiles/CMakeTmp

Run Build Command:"/usr/bin/make" "cmTC_3e9ed/fast"
/usr/bin/make -f CMakeFiles/cmTC_3e9ed.dir/build.make CMakeFiles/cmTC_3e9ed.dir/build
make[1]: Entering directory '/home/fazildgr8/catkin_ws/build/CMakeFiles/CMakeTmp'
Building C object CMakeFiles/cmTC_3e9ed.dir/CheckFunctionExists.c.o
/usr/bin/cc   -DCHECK_FUNCTION_EXISTS=pthread_create   -o CMakeFiles/cmTC_3e9ed.dir/CheckFunctionExists.c.o   -c /usr/share/cmake-3.10/Modules/CheckFunctionExists.c
Linking C executable cmTC_3e9ed
/usr/bin/cmake -E cmake_link_script CMakeFiles/cmTC_3e9ed.dir/link.txt --verbose=1
/usr/bin/cc  -DCHECK_FUNCTION_EXISTS=pthread_create    -rdynamic CMakeFiles/cmTC_3e9ed.dir/CheckFunctionExists.c.o  -o cmTC_3e9ed -lpthreads 
/usr/bin/ld: cannot find -lpthreads
collect2: error: ld returned 1 exit status
CMakeFiles/cmTC_3e9ed.dir/build.make:97: recipe for target 'cmTC_3e9ed' failed
make[1]: *** [cmTC_3e9ed] Error 1
make[1]: Leaving directory '/home/fazildgr8/catkin_ws/build/CMakeFiles/CMakeTmp'
Makefile:126: recipe for target 'cmTC_3e9ed/fast' failed
make: *** [cmTC_3e9ed/fast] Error 2


